<?xml version="1.0" encoding="UTF-8"?>
<!-- Generated by org.testng.reporters.JUnitReportReporter -->
<testsuite skipped="0" hostname="DESKTOP-8QRRANI" name="com.as.TestNGListner.ScreenShotFailed" tests="1" failures="0" timestamp="2020-03-21T17:54:18 CDT" time="16.815" errors="0">
  <testcase name="takeScreenShotTest" time="16.815" classname="com.as.TestNGListner.ScreenShotFailed"/>
</testsuite> <!-- com.as.TestNGListner.ScreenShotFailed -->
